# JRE version: OpenJDK Runtime Environment Temurin-17.0.2+8 (17.0.2+8) (build 17.0.2+8)
# Java VM: OpenJDK 64-Bit Server VM Temurin-17.0.2+8 (17.0.2+8, mixed mode, tiered, compressed oops, compressed class ptrs, g1 gc, linux-amd64)
GC Precious Log:
 CPUs: 8 total, 8 available
 Memory: 15594M
 Large Page Support: Disabled
 NUMA Support: Disabled
 Compressed Oops: Enabled (Zero based)
 Heap Region Size: 2M
 Heap Min Capacity: 8M
 Heap Initial Capacity: 244M
 Heap Max Capacity: 3900M
 Pre-touch: Disabled
 Parallel Workers: 8
 Concurrent Workers: 2
 Concurrent Refinement Workers: 8
 Periodic GC: Disabled
Heap:
 garbage-first heap   total 184320K, used 115537K [0x000000070c400000, 0x0000000800000000)
  region size 2048K, 33 young (67584K), 0 survivors (0K)
 Metaspace       used 114794K, committed 115392K, reserved 1155072K
  class space    used 13730K, committed 14080K, reserved 1048576K
GC Heap History (20 events):
Event: 695,234 GC heap before
{Heap before GC invocations=179 (full 0):
 garbage-first heap   total 159744K, used 54594K [0x000000070c400000, 0x0000000800000000)
  region size 2048K, 2 young (4096K), 1 survivors (2048K)
 Metaspace       used 107353K, committed 107904K, reserved 1146880K
  class space    used 13168K, committed 13440K, reserved 1048576K
}
Event: 695,397 GC heap after
{Heap after GC invocations=180 (full 1):
 garbage-first heap   total 159744K, used 47423K [0x000000070c400000, 0x0000000800000000)
  region size 2048K, 0 young (0K), 0 survivors (0K)
 Metaspace       used 107353K, committed 107904K, reserved 1146880K
  class space    used 13168K, committed 13440K, reserved 1048576K
}
Event: 697,066 GC heap before
{Heap before GC invocations=180 (full 1):
 garbage-first heap   total 159744K, used 137535K [0x000000070c400000, 0x0000000800000000)
  region size 2048K, 44 young (90112K), 0 survivors (0K)
 Metaspace       used 108458K, committed 109056K, reserved 1146880K
  class space    used 13321K, committed 13632K, reserved 1048576K
}
Event: 697,075 GC heap after
{Heap after GC invocations=181 (full 1):
 garbage-first heap   total 159744K, used 52660K [0x000000070c400000, 0x0000000800000000)
  region size 2048K, 3 young (6144K), 3 survivors (6144K)
 Metaspace       used 108458K, committed 109056K, reserved 1146880K
  class space    used 13321K, committed 13632K, reserved 1048576K
}
Event: 697,996 GC heap before
{Heap before GC invocations=181 (full 1):
 garbage-first heap   total 159744K, used 132532K [0x000000070c400000, 0x0000000800000000)
  region size 2048K, 42 young (86016K), 3 survivors (6144K)
 Metaspace       used 109211K, committed 109824K, reserved 1146880K
  class space    used 13356K, committed 13696K, reserved 1048576K
}
Event: 698,013 GC heap after
{Heap after GC invocations=182 (full 1):
 garbage-first heap   total 159744K, used 54992K [0x000000070c400000, 0x0000000800000000)
  region size 2048K, 4 young (8192K), 4 survivors (8192K)
 Metaspace       used 109211K, committed 109824K, reserved 1146880K
  class space    used 13356K, committed 13696K, reserved 1048576K
}
Event: 698,788 GC heap before
{Heap before GC invocations=182 (full 1):
 garbage-first heap   total 159744K, used 130768K [0x000000070c400000, 0x0000000800000000)
  region size 2048K, 41 young (83968K), 4 survivors (8192K)
 Metaspace       used 110148K, committed 110784K, reserved 1146880K
  class space    used 13417K, committed 13760K, reserved 1048576K
}
Event: 698,794 GC heap after
{Heap after GC invocations=183 (full 1):
 garbage-first heap   total 159744K, used 58297K [0x000000070c400000, 0x0000000800000000)
  region size 2048K, 3 young (6144K), 3 survivors (6144K)
 Metaspace       used 110148K, committed 110784K, reserved 1146880K
  class space    used 13417K, committed 13760K, reserved 1048576K
}
Event: 699,188 GC heap before
{Heap before GC invocations=183 (full 1):
 garbage-first heap   total 159744K, used 129977K [0x000000070c400000, 0x0000000800000000)
  region size 2048K, 38 young (77824K), 3 survivors (6144K)
 Metaspace       used 111395K, committed 112000K, reserved 1155072K
  class space    used 13479K, committed 13824K, reserved 1048576K
}
Event: 699,195 GC heap after
{Heap after GC invocations=184 (full 1):
 garbage-first heap   total 159744K, used 60583K [0x000000070c400000, 0x0000000800000000)
  region size 2048K, 3 young (6144K), 3 survivors (6144K)
 Metaspace       used 111395K, committed 112000K, reserved 1155072K
  class space    used 13479K, committed 13824K, reserved 1048576K
}
Event: 699,642 GC heap before
{Heap before GC invocations=184 (full 1):
 garbage-first heap   total 159744K, used 130215K [0x000000070c400000, 0x0000000800000000)
  region size 2048K, 37 young (75776K), 3 survivors (6144K)
 Metaspace       used 112544K, committed 113216K, reserved 1155072K
  class space    used 13535K, committed 13888K, reserved 1048576K
}
Event: 699,648 GC heap after
{Heap after GC invocations=185 (full 1):
 garbage-first heap   total 159744K, used 62770K [0x000000070c400000, 0x0000000800000000)
  region size 2048K, 3 young (6144K), 3 survivors (6144K)
 Metaspace       used 112544K, committed 113216K, reserved 1155072K
  class space    used 13535K, committed 13888K, reserved 1048576K
}
Event: 700,148 GC heap before
{Heap before GC invocations=185 (full 1):
 garbage-first heap   total 159744K, used 128306K [0x000000070c400000, 0x0000000800000000)
  region size 2048K, 35 young (71680K), 3 survivors (6144K)
 Metaspace       used 113682K, committed 114368K, reserved 1155072K
  class space    used 13590K, committed 13952K, reserved 1048576K
}
Event: 700,155 GC heap after
{Heap after GC invocations=186 (full 1):
 garbage-first heap   total 450560K, used 64748K [0x000000070c400000, 0x0000000800000000)
  region size 2048K, 4 young (8192K), 4 survivors (8192K)
 Metaspace       used 113682K, committed 114368K, reserved 1155072K
  class space    used 13590K, committed 13952K, reserved 1048576K
}
Event: 712,608 GC heap before
{Heap before GC invocations=186 (full 1):
 garbage-first heap   total 450560K, used 326892K [0x000000070c400000, 0x0000000800000000)
  region size 2048K, 132 young (270336K), 4 survivors (8192K)
 Metaspace       used 114065K, committed 114688K, reserved 1155072K
  class space    used 13611K, committed 13952K, reserved 1048576K
}
Event: 712,620 GC heap after
{Heap after GC invocations=187 (full 1):
 garbage-first heap   total 450560K, used 69315K [0x000000070c400000, 0x0000000800000000)
  region size 2048K, 6 young (12288K), 6 survivors (12288K)
 Metaspace       used 114065K, committed 114688K, reserved 1155072K
  class space    used 13611K, committed 13952K, reserved 1048576K
}
Event: 729,548 GC heap before
{Heap before GC invocations=187 (full 1):
 garbage-first heap   total 450560K, used 327363K [0x000000070c400000, 0x0000000800000000)
  region size 2048K, 132 young (270336K), 6 survivors (12288K)
 Metaspace       used 114065K, committed 114688K, reserved 1155072K
  class space    used 13611K, committed 13952K, reserved 1048576K
}
Event: 729,555 GC heap after
{Heap after GC invocations=188 (full 1):
 garbage-first heap   total 450560K, used 69985K [0x000000070c400000, 0x0000000800000000)
  region size 2048K, 6 young (12288K), 6 survivors (12288K)
 Metaspace       used 114065K, committed 114688K, reserved 1155072K
  class space    used 13611K, committed 13952K, reserved 1048576K
}
Event: 743,341 GC heap before
{Heap before GC invocations=188 (full 1):
 garbage-first heap   total 450560K, used 291169K [0x000000070c400000, 0x0000000800000000)
  region size 2048K, 115 young (235520K), 6 survivors (12288K)
 Metaspace       used 114068K, committed 114688K, reserved 1155072K
  class space    used 13612K, committed 13952K, reserved 1048576K
}
Event: 743,535 GC heap after
{Heap after GC invocations=189 (full 2):
 garbage-first heap   total 184320K, used 50001K [0x000000070c400000, 0x0000000800000000)
  region size 2048K, 0 young (0K), 0 survivors (0K)
 Metaspace       used 113852K, committed 114688K, reserved 1155072K
  class space    used 13576K, committed 13952K, reserved 1048576K
}

